  BI.cpp
  Core.cpp
C:\Users\Gaurav\source\repos\SoftwareArchitectureCLassApplication\Core\CoreSession.h(39,27): warning C4251: 'CoreSession::m_listObserver': class 'std::list<IObserver *,std::allocator<IObserver *>>' needs to have dll-interface to be used by clients of class 'CoreSession'
C:\Users\Gaurav\source\repos\SoftwareArchitectureCLassApplication\Core\CoreSession.h(39,10): message : see declaration of 'std::list<IObserver *,std::allocator<IObserver *>>'
C:\Users\Gaurav\source\repos\SoftwareArchitectureCLassApplication\Core\CoreSession.h(40,17): warning C4251: 'CoreSession::m_message': class 'std::basic_string<char,std::char_traits<char>,std::allocator<char>>' needs to have dll-interface to be used by clients of class 'CoreSession'
C:\Program Files\Microsoft Visual Studio\2022\Professional\VC\Tools\MSVC\14.34.31933\include\xstring(5294,17): message : see declaration of 'std::basic_string<char,std::char_traits<char>,std::allocator<char>>'
  CoreSession.cpp
C:\Users\Gaurav\source\repos\SoftwareArchitectureCLassApplication\Core\CoreSession.h(39,27): warning C4251: 'CoreSession::m_listObserver': class 'std::list<IObserver *,std::allocator<IObserver *>>' needs to have dll-interface to be used by clients of class 'CoreSession'
C:\Users\Gaurav\source\repos\SoftwareArchitectureCLassApplication\Core\CoreSession.h(39,10): message : see declaration of 'std::list<IObserver *,std::allocator<IObserver *>>'
C:\Users\Gaurav\source\repos\SoftwareArchitectureCLassApplication\Core\CoreSession.h(40,17): warning C4251: 'CoreSession::m_message': class 'std::basic_string<char,std::char_traits<char>,std::allocator<char>>' needs to have dll-interface to be used by clients of class 'CoreSession'
C:\Program Files\Microsoft Visual Studio\2022\Professional\VC\Tools\MSVC\14.34.31933\include\xstring(5294,17): message : see declaration of 'std::basic_string<char,std::char_traits<char>,std::allocator<char>>'
C:\Users\Gaurav\source\repos\SoftwareArchitectureCLassApplication\Core\Observer.h(21,21): warning C4251: 'Observer::message_from_subject_': class 'std::basic_string<char,std::char_traits<char>,std::allocator<char>>' needs to have dll-interface to be used by clients of class 'Observer'
C:\Program Files\Microsoft Visual Studio\2022\Professional\VC\Tools\MSVC\14.34.31933\include\xstring(5294,17): message : see declaration of 'std::basic_string<char,std::char_traits<char>,std::allocator<char>>'
  CoreUtiles.cpp
C:\Program Files\Microsoft Visual Studio\2022\Professional\VC\Tools\MSVC\14.34.31933\include\xstring(2857,53): warning C4244: 'argument': conversion from 'wchar_t' to 'const _Elem', possible loss of data
          with
          [
              _Elem=char
          ]
C:\Program Files\Microsoft Visual Studio\2022\Professional\VC\Tools\MSVC\14.34.31933\include\xstring(2718,1): message : see reference to function template instantiation 'void std::basic_string<char,std::char_traits<char>,std::allocator<char>>::_Construct_from_iter<wchar_t*,wchar_t*,_Size_type>(_Iter,const _Sent,_Size)' being compiled
          with
          [
              _Size_type=unsigned __int64,
              _Iter=wchar_t *,
              _Sent=wchar_t *,
              _Size=unsigned __int64
          ]
C:\Program Files\Microsoft Visual Studio\2022\Professional\VC\Tools\MSVC\14.34.31933\include\xstring(2718,37): message : see reference to function template instantiation 'void std::basic_string<char,std::char_traits<char>,std::allocator<char>>::_Construct_from_iter<wchar_t*,wchar_t*,_Size_type>(_Iter,const _Sent,_Size)' being compiled
          with
          [
              _Size_type=unsigned __int64,
              _Iter=wchar_t *,
              _Sent=wchar_t *,
              _Size=unsigned __int64
          ]
C:\Users\Gaurav\source\repos\SoftwareArchitectureCLassApplication\Core\CoreUtiles.cpp(18,13): message : see reference to function template instantiation 'std::basic_string<char,std::char_traits<char>,std::allocator<char>>::basic_string<std::_String_iterator<std::_String_val<std::_Simple_types<_Elem>>>,0>(_Iter,_Iter,const _Alloc &)' being compiled
          with
          [
              _Elem=wchar_t,
              _Iter=std::_String_iterator<std::_String_val<std::_Simple_types<wchar_t>>>,
              _Alloc=std::allocator<char>
          ]
C:\Users\Gaurav\source\repos\SoftwareArchitectureCLassApplication\Core\CoreUtiles.cpp(18,25): message : see reference to function template instantiation 'std::basic_string<char,std::char_traits<char>,std::allocator<char>>::basic_string<std::_String_iterator<std::_String_val<std::_Simple_types<_Elem>>>,0>(_Iter,_Iter,const _Alloc &)' being compiled
          with
          [
              _Elem=wchar_t,
              _Iter=std::_String_iterator<std::_String_val<std::_Simple_types<wchar_t>>>,
              _Alloc=std::allocator<char>
          ]
  dllmain.cpp
  GuidObject.cpp
  LibraryLoad.cpp
  Observer.cpp
C:\Users\Gaurav\source\repos\SoftwareArchitectureCLassApplication\Core\CoreSession.h(39,27): warning C4251: 'CoreSession::m_listObserver': class 'std::list<IObserver *,std::allocator<IObserver *>>' needs to have dll-interface to be used by clients of class 'CoreSession'
C:\Users\Gaurav\source\repos\SoftwareArchitectureCLassApplication\Core\CoreSession.h(39,10): message : see declaration of 'std::list<IObserver *,std::allocator<IObserver *>>'
C:\Users\Gaurav\source\repos\SoftwareArchitectureCLassApplication\Core\CoreSession.h(40,17): warning C4251: 'CoreSession::m_message': class 'std::basic_string<char,std::char_traits<char>,std::allocator<char>>' needs to have dll-interface to be used by clients of class 'CoreSession'
C:\Program Files\Microsoft Visual Studio\2022\Professional\VC\Tools\MSVC\14.34.31933\include\xstring(5294,17): message : see declaration of 'std::basic_string<char,std::char_traits<char>,std::allocator<char>>'
C:\Users\Gaurav\source\repos\SoftwareArchitectureCLassApplication\Core\Observer.h(21,21): warning C4251: 'Observer::message_from_subject_': class 'std::basic_string<char,std::char_traits<char>,std::allocator<char>>' needs to have dll-interface to be used by clients of class 'Observer'
C:\Program Files\Microsoft Visual Studio\2022\Professional\VC\Tools\MSVC\14.34.31933\include\xstring(5294,17): message : see declaration of 'std::basic_string<char,std::char_traits<char>,std::allocator<char>>'
  StringUtils.cpp
     Creating library C:\Users\Gaurav\source\repos\SoftwareArchitectureCLassApplication\x64\Release\CORE.lib and object C:\Users\Gaurav\source\repos\SoftwareArchitectureCLassApplication\x64\Release\CORE.exp
  Generating code
  Previous IPDB not found, fall back to full compilation.
  All 422 functions were compiled because no usable IPDB/IOBJ from previous compilation was found.
  Finished generating code
  Core.vcxproj -> C:\Users\Gaurav\source\repos\SoftwareArchitectureCLassApplication\x64\Release\CORE.dll
