c:\users\gaurav\source\repos\softwarearchitectureclassapplication\core\x64\release\vc143.pdb
c:\users\gaurav\source\repos\softwarearchitectureclassapplication\core\x64\release\stringutils.obj
c:\users\gaurav\source\repos\softwarearchitectureclassapplication\core\x64\release\observer.obj
c:\users\gaurav\source\repos\softwarearchitectureclassapplication\core\x64\release\libraryload.obj
c:\users\gaurav\source\repos\softwarearchitectureclassapplication\core\x64\release\guidobject.obj
c:\users\gaurav\source\repos\softwarearchitectureclassapplication\core\x64\release\dllmain.obj
c:\users\gaurav\source\repos\softwarearchitectureclassapplication\core\x64\release\coreutiles.obj
c:\users\gaurav\source\repos\softwarearchitectureclassapplication\core\x64\release\coresession.obj
c:\users\gaurav\source\repos\softwarearchitectureclassapplication\core\x64\release\core.obj
c:\users\gaurav\source\repos\softwarearchitectureclassapplication\core\x64\release\bi.obj
c:\users\gaurav\source\repos\softwarearchitectureclassapplication\x64\release\core.dll
c:\users\gaurav\source\repos\softwarearchitectureclassapplication\core\x64\release\core.ipdb
c:\users\gaurav\source\repos\softwarearchitectureclassapplication\x64\release\core.pdb
c:\users\gaurav\source\repos\softwarearchitectureclassapplication\core\x64\release\core.iobj
c:\users\gaurav\source\repos\softwarearchitectureclassapplication\x64\release\core.lib
c:\users\gaurav\source\repos\softwarearchitectureclassapplication\x64\release\core.exp
c:\users\gaurav\source\repos\softwarearchitectureclassapplication\core\x64\release\core.tlog\cl.command.1.tlog
c:\users\gaurav\source\repos\softwarearchitectureclassapplication\core\x64\release\core.tlog\cl.read.1.tlog
c:\users\gaurav\source\repos\softwarearchitectureclassapplication\core\x64\release\core.tlog\cl.write.1.tlog
c:\users\gaurav\source\repos\softwarearchitectureclassapplication\core\x64\release\core.tlog\link.command.1.tlog
c:\users\gaurav\source\repos\softwarearchitectureclassapplication\core\x64\release\core.tlog\link.read.1.tlog
c:\users\gaurav\source\repos\softwarearchitectureclassapplication\core\x64\release\core.tlog\link.write.1.tlog
c:\users\gaurav\source\repos\softwarearchitectureclassapplication\core\x64\release\core.tlog\link.write.2u.tlog
