c:\users\gaurav\source\repos\softwarearchitectureclassapplication\journaling\x64\release\vc143.pdb
c:\users\gaurav\source\repos\softwarearchitectureclassapplication\journaling\x64\release\journaling.obj
c:\users\gaurav\source\repos\softwarearchitectureclassapplication\journaling\x64\release\journalfile.obj
c:\users\gaurav\source\repos\softwarearchitectureclassapplication\journaling\x64\release\journalcallparamdatastring.obj
c:\users\gaurav\source\repos\softwarearchitectureclassapplication\journaling\x64\release\journalcallparamdatainteger.obj
c:\users\gaurav\source\repos\softwarearchitectureclassapplication\journaling\x64\release\journalcallparamdataclass.obj
c:\users\gaurav\source\repos\softwarearchitectureclassapplication\journaling\x64\release\journalcallparamdataboolean.obj
c:\users\gaurav\source\repos\softwarearchitectureclassapplication\journaling\x64\release\journalcallparamdata.obj
c:\users\gaurav\source\repos\softwarearchitectureclassapplication\journaling\x64\release\journalcalldata.obj
c:\users\gaurav\source\repos\softwarearchitectureclassapplication\journaling\x64\release\dllmain.obj
c:\users\gaurav\source\repos\softwarearchitectureclassapplication\x64\release\journaling.dll
c:\users\gaurav\source\repos\softwarearchitectureclassapplication\journaling\x64\release\journaling.ipdb
c:\users\gaurav\source\repos\softwarearchitectureclassapplication\x64\release\journaling.pdb
c:\users\gaurav\source\repos\softwarearchitectureclassapplication\journaling\x64\release\journaling.iobj
c:\users\gaurav\source\repos\softwarearchitectureclassapplication\x64\release\journaling.lib
c:\users\gaurav\source\repos\softwarearchitectureclassapplication\x64\release\journaling.exp
c:\users\gaurav\source\repos\softwarearchitectureclassapplication\journaling\x64\release\journaling.tlog\cl.command.1.tlog
c:\users\gaurav\source\repos\softwarearchitectureclassapplication\journaling\x64\release\journaling.tlog\cl.read.1.tlog
c:\users\gaurav\source\repos\softwarearchitectureclassapplication\journaling\x64\release\journaling.tlog\cl.write.1.tlog
c:\users\gaurav\source\repos\softwarearchitectureclassapplication\journaling\x64\release\journaling.tlog\link.command.1.tlog
c:\users\gaurav\source\repos\softwarearchitectureclassapplication\journaling\x64\release\journaling.tlog\link.read.1.tlog
c:\users\gaurav\source\repos\softwarearchitectureclassapplication\journaling\x64\release\journaling.tlog\link.write.1.tlog
c:\users\gaurav\source\repos\softwarearchitectureclassapplication\journaling\x64\release\journaling.tlog\link.write.2u.tlog
