c:\users\gaurav\source\repos\softwarearchitectureclassapplication\applibrary\x64\release\vc143.pdb
c:\users\gaurav\source\repos\softwarearchitectureclassapplication\applibrary\x64\release\journaling_featurecollection.obj
c:\users\gaurav\source\repos\softwarearchitectureclassapplication\applibrary\x64\release\journaling_blockbuilder.obj
c:\users\gaurav\source\repos\softwarearchitectureclassapplication\applibrary\x64\release\feature.obj
c:\users\gaurav\source\repos\softwarearchitectureclassapplication\applibrary\x64\release\extrudeversions.obj
c:\users\gaurav\source\repos\softwarearchitectureclassapplication\applibrary\x64\release\extrude.obj
c:\users\gaurav\source\repos\softwarearchitectureclassapplication\applibrary\x64\release\dllmain.obj
c:\users\gaurav\source\repos\softwarearchitectureclassapplication\applibrary\x64\release\blockbuilder.obj
c:\users\gaurav\source\repos\softwarearchitectureclassapplication\applibrary\x64\release\block.obj
c:\users\gaurav\source\repos\softwarearchitectureclassapplication\x64\release\applibrary.dll
c:\users\gaurav\source\repos\softwarearchitectureclassapplication\applibrary\x64\release\applibrary.ipdb
c:\users\gaurav\source\repos\softwarearchitectureclassapplication\x64\release\applibrary.pdb
c:\users\gaurav\source\repos\softwarearchitectureclassapplication\applibrary\x64\release\applibrary.iobj
c:\users\gaurav\source\repos\softwarearchitectureclassapplication\x64\release\applibrary.lib
c:\users\gaurav\source\repos\softwarearchitectureclassapplication\x64\release\applibrary.exp
c:\users\gaurav\source\repos\softwarearchitectureclassapplication\applibrary\x64\release\appfeatureops.tlog\cl.command.1.tlog
c:\users\gaurav\source\repos\softwarearchitectureclassapplication\applibrary\x64\release\appfeatureops.tlog\cl.read.1.tlog
c:\users\gaurav\source\repos\softwarearchitectureclassapplication\applibrary\x64\release\appfeatureops.tlog\cl.write.1.tlog
c:\users\gaurav\source\repos\softwarearchitectureclassapplication\applibrary\x64\release\appfeatureops.tlog\link.command.1.tlog
c:\users\gaurav\source\repos\softwarearchitectureclassapplication\applibrary\x64\release\appfeatureops.tlog\link.read.1.tlog
c:\users\gaurav\source\repos\softwarearchitectureclassapplication\applibrary\x64\release\appfeatureops.tlog\link.write.1.tlog
c:\users\gaurav\source\repos\softwarearchitectureclassapplication\applibrary\x64\release\appfeatureops.tlog\link.write.2u.tlog
